The system is: Windows - 10.0.22000 - AMD64
Compiling the C compiler identification source file "CMakeCCompilerId.c" succeeded.
Compiler: C:/Program Files/Microsoft Visual Studio/2022/Community/VC/Tools/MSVC/14.34.31933/bin/Hostx86/x86/cl.exe 
Build flags: 
Id flags:  

The output was:
0
Оптимизирующий компилятор Microsoft (R) C/C++ версии 19.34.31935 для x86
(C) Корпорация Майкрософт (Microsoft Corporation).  Все права защищены.

CMakeCCompilerId.c
Microsoft (R) Incremental Linker Version 14.34.31935.0
Copyright (C) Microsoft Corporation.  All rights reserved.

/out:CMakeCCompilerId.exe 
CMakeCCompilerId.obj 


Compilation of the C compiler identification source "CMakeCCompilerId.c" produced "CMakeCCompilerId.exe"

Compilation of the C compiler identification source "CMakeCCompilerId.c" produced "CMakeCCompilerId.obj"

The C compiler identification is MSVC, found in "D:/myLabs/project/cmake-build-debug-visual-studio/CMakeFiles/3.24.2/CompilerIdC/CMakeCCompilerId.exe"

Compiling the CXX compiler identification source file "CMakeCXXCompilerId.cpp" succeeded.
Compiler: C:/Program Files/Microsoft Visual Studio/2022/Community/VC/Tools/MSVC/14.34.31933/bin/Hostx86/x86/cl.exe 
Build flags: 
Id flags:  

The output was:
0
Оптимизирующий компилятор Microsoft (R) C/C++ версии 19.34.31935 для x86
(C) Корпорация Майкрософт (Microsoft Corporation).  Все права защищены.

CMakeCXXCompilerId.cpp
Microsoft (R) Incremental Linker Version 14.34.31935.0
Copyright (C) Microsoft Corporation.  All rights reserved.

/out:CMakeCXXCompilerId.exe 
CMakeCXXCompilerId.obj 


Compilation of the CXX compiler identification source "CMakeCXXCompilerId.cpp" produced "CMakeCXXCompilerId.exe"

Compilation of the CXX compiler identification source "CMakeCXXCompilerId.cpp" produced "CMakeCXXCompilerId.obj"

The CXX compiler identification is MSVC, found in "D:/myLabs/project/cmake-build-debug-visual-studio/CMakeFiles/3.24.2/CompilerIdCXX/CMakeCXXCompilerId.exe"

Detecting C compiler ABI info compiled with the following output:
Change Dir: D:/myLabs/project/cmake-build-debug-visual-studio/CMakeFiles/CMakeTmp

Run Build Command(s):nmake -f Makefile /nologo cmTC_ce809\fast && 	"C:\Program Files\Microsoft Visual Studio\2022\Community\VC\Tools\MSVC\14.34.31933\bin\HostX86\x86\nmake.exe"  -f CMakeFiles\cmTC_ce809.dir\build.make /nologo -L                  CMakeFiles\cmTC_ce809.dir\build
Building C object CMakeFiles/cmTC_ce809.dir/CMakeCCompilerABI.c.obj
	C:\Users\TbMA3\AppData\Local\JetBrains\Toolbox\apps\CLion\ch-0\223.7571.171\bin\cmake\win\bin\cmake.exe -E cmake_cl_compile_depends --dep-file=CMakeFiles\cmTC_ce809.dir\CMakeCCompilerABI.c.obj.d --working-dir=D:\myLabs\project\cmake-build-debug-visual-studio\CMakeFiles\CMakeTmp --filter-prefix="╧Ёшьхўрэшх: тъы■ўхэшх Їрщыр:  " -- C:\PROGRA~1\MIB055~1\2022\COMMUN~1\VC\Tools\MSVC\1434~1.319\bin\Hostx86\x86\cl.exe @C:\Users\TbMA3\AppData\Local\Temp\nm2E77.tmp
CMakeCCompilerABI.c
Linking C executable cmTC_ce809.exe
	C:\Users\TbMA3\AppData\Local\JetBrains\Toolbox\apps\CLion\ch-0\223.7571.171\bin\cmake\win\bin\cmake.exe -E vs_link_exe --intdir=CMakeFiles\cmTC_ce809.dir --rc=C:\PROGRA~2\WI3CF2~1\10\bin\100190~1.0\x86\rc.exe --mt=C:\PROGRA~2\WI3CF2~1\10\bin\100190~1.0\x86\mt.exe --manifests -- C:\PROGRA~1\MIB055~1\2022\COMMUN~1\VC\Tools\MSVC\1434~1.319\bin\Hostx86\x86\link.exe /nologo @CMakeFiles\cmTC_ce809.dir\objects1.rsp @C:\Users\TbMA3\AppData\Local\Temp\nm2F24.tmp



Detecting CXX compiler ABI info compiled with the following output:
Change Dir: D:/myLabs/project/cmake-build-debug-visual-studio/CMakeFiles/CMakeTmp

Run Build Command(s):nmake -f Makefile /nologo cmTC_b63dc\fast && 	"C:\Program Files\Microsoft Visual Studio\2022\Community\VC\Tools\MSVC\14.34.31933\bin\HostX86\x86\nmake.exe"  -f CMakeFiles\cmTC_b63dc.dir\build.make /nologo -L                  CMakeFiles\cmTC_b63dc.dir\build
Building CXX object CMakeFiles/cmTC_b63dc.dir/CMakeCXXCompilerABI.cpp.obj
	C:\Users\TbMA3\AppData\Local\JetBrains\Toolbox\apps\CLion\ch-0\223.7571.171\bin\cmake\win\bin\cmake.exe -E cmake_cl_compile_depends --dep-file=CMakeFiles\cmTC_b63dc.dir\CMakeCXXCompilerABI.cpp.obj.d --working-dir=D:\myLabs\project\cmake-build-debug-visual-studio\CMakeFiles\CMakeTmp --filter-prefix="╧Ёшьхўрэшх: тъы■ўхэшх Їрщыр:  " -- C:\PROGRA~1\MIB055~1\2022\COMMUN~1\VC\Tools\MSVC\1434~1.319\bin\Hostx86\x86\cl.exe @C:\Users\TbMA3\AppData\Local\Temp\nm3240.tmp
CMakeCXXCompilerABI.cpp
Linking CXX executable cmTC_b63dc.exe
	C:\Users\TbMA3\AppData\Local\JetBrains\Toolbox\apps\CLion\ch-0\223.7571.171\bin\cmake\win\bin\cmake.exe -E vs_link_exe --intdir=CMakeFiles\cmTC_b63dc.dir --rc=C:\PROGRA~2\WI3CF2~1\10\bin\100190~1.0\x86\rc.exe --mt=C:\PROGRA~2\WI3CF2~1\10\bin\100190~1.0\x86\mt.exe --manifests -- C:\PROGRA~1\MIB055~1\2022\COMMUN~1\VC\Tools\MSVC\1434~1.319\bin\Hostx86\x86\link.exe /nologo @CMakeFiles\cmTC_b63dc.dir\objects1.rsp @C:\Users\TbMA3\AppData\Local\Temp\nm32DE.tmp



